Build started 4/28/2015 12:43:57 AM.
     1>Project "D:\C++ projects\Visual Studio 2010\Projects\lab5\lab5\lab5.vcxproj" on node 2 (build target(s)).
     1>InitializeBuildStatus:
         Creating "Debug\lab5.unsuccessfulbuild" because "AlwaysCreate" was specified.
       ClCompile:
         C:\Program Files (x86)\Microsoft Visual Studio 10.0\VC\bin\CL.exe /c /ZI /nologo /W3 /WX- /Od /Oy- /D WIN32 /D _DEBUG /D _CONSOLE /D _UNICODE /D UNICODE /Gm /EHsc /RTC1 /MDd /GS /fp:precise /Zc:wchar_t /Zc:forScope /Fo"Debug\\" /Fd"Debug\vc100.pdb" /Gd /TP /analyze- /errorReport:prompt lab5.cpp
         lab5.cpp
       Link:
         C:\Program Files (x86)\Microsoft Visual Studio 10.0\VC\bin\link.exe /ERRORREPORT:PROMPT /OUT:"D:\C++ projects\Visual Studio 2010\Projects\lab5\Debug\lab5.exe" /INCREMENTAL:NO /NOLOGO kernel32.lib user32.lib gdi32.lib winspool.lib comdlg32.lib advapi32.lib shell32.lib ole32.lib oleaut32.lib uuid.lib odbc32.lib odbccp32.lib /MANIFEST /ManifestFile:"Debug\lab5.exe.intermediate.manifest" /MANIFESTUAC:"level='asInvoker' uiAccess='false'" /DEBUG /PDB:"D:\C++ projects\Visual Studio 2010\Projects\lab5\Debug\lab5.pdb" /SUBSYSTEM:CONSOLE /TLBID:1 /DYNAMICBASE /NXCOMPAT /IMPLIB:"D:\C++ projects\Visual Studio 2010\Projects\lab5\Debug\lab5.lib" /MACHINE:X86 Debug\lab5.obj
         Debug\tga.obj
     1>lab5.obj : warning LNK4075: ignoring '/EDITANDCONTINUE' due to '/INCREMENTAL:NO' specification
         lab5.vcxproj -> D:\C++ projects\Visual Studio 2010\Projects\lab5\Debug\lab5.exe
       Manifest:
         C:\Program Files (x86)\Microsoft SDKs\Windows\v7.0A\bin\mt.exe /nologo /verbose /outputresource:"D:\C++ projects\Visual Studio 2010\Projects\lab5\Debug\lab5.exe;#1" /manifest Debug\lab5.exe.intermediate.manifest
       FinalizeBuildStatus:
         Deleting file "Debug\lab5.unsuccessfulbuild".
         Touching "Debug\lab5.lastbuildstate".
     1>Done Building Project "D:\C++ projects\Visual Studio 2010\Projects\lab5\lab5\lab5.vcxproj" (build target(s)).

Build succeeded.

Time Elapsed 00:00:00.34
